<?xml version="1.0" encoding="UTF-8"?>
<!-- Generated by org.testng.reporters.JUnitReportReporter -->
<testsuite hostname="LAPTOP-J00R15G1" failures="0" tests="2" name="variousConcepts.CrmTest" time="13.945" errors="0" timestamp="2024-01-24T12:59:23 CST" skipped="0">
  <testcase classname="variousConcepts.CrmTest" name="testAlert" time="2.800"/>
  <system-out/>
  <testcase classname="variousConcepts.CrmTest" name="testLogin" time="11.145"/>
  <system-out/>
</testsuite> <!-- variousConcepts.CrmTest -->
